<?xml version="1.0" encoding="UTF-8"?>
<testsuite xmlns:xsi="http://www.w3.org/2001/XMLSchema-instance" xsi:noNamespaceSchemaLocation="https://maven.apache.org/surefire/maven-surefire-plugin/xsd/surefire-test-report-3.0.xsd" version="3.0" name="com.example.veiculosassesment092024.VeiculoServiceTest" time="0.053" tests="1" errors="0" skipped="0" failures="0">
  <properties>
[...]
</properties>
  <testcase name="test" classname="com.example.veiculosassesment092024.VeiculoServiceTest" time="0.033">
    <system-out><![CDATA[2024-09-19T22:44:42.329-03:00  INFO 15340 --- [veiculo-app] [           main] [                                                 ] t.c.s.AnnotationConfigContextLoaderUtils : Could not detect default configuration classes for test class [com.example.veiculosassesment092024.VeiculoServiceTest]: VeiculoServiceTest does not declare any static, non-private, non-final, nested classes annotated with @Configuration.
2024-09-19T22:44:42.334-03:00  INFO 15340 --- [veiculo-app] [           main] [                                                 ] .b.t.c.SpringBootTestContextBootstrapper : Found @SpringBootConfiguration com.example.veiculosassesment092024.VeiculosAssesment092024Application for test class com.example.veiculosassesment092024.VeiculoServiceTest
Hibernate: select v1_0.id,v1_0.ano,v1_0.cor,v1_0.estado,v1_0.marca,v1_0.modelo,v1_0.placa from veiculo v1_0
Hibernate: insert into veiculo (ano,cor,estado,marca,modelo,placa,id) values (?,?,?,?,?,?,default)
Hibernate: select v1_0.id,v1_0.ano,v1_0.cor,v1_0.estado,v1_0.marca,v1_0.modelo,v1_0.placa from veiculo v1_0
]]></system-out>
  </testcase>
</testsuite>